<?xml version="1.0" encoding="UTF-8"?>
<!-- Generated by org.testng.reporters.JUnitReportReporter -->
<testsuite skipped="0" hostname="PUN-NB-LEMXTH5" name="GetData123" tests="1" failures="0" timestamp="01 Oct 2018 12:25:44 GMT" time="6.348" errors="0">
  <testcase name="testResponsebody" time="6.348" classname="GetData123"/>
</testsuite> <!-- GetData123 -->
